<?xml version="1.0" encoding="UTF-8"?>
<coverage generated="1679904834876" clover="3.2.0">
  <project timestamp="1679904834876" name="All files">
    <metrics statements="28" coveredstatements="28" conditionals="8" coveredconditionals="7" methods="3" coveredmethods="3" elements="39" coveredelements="38" complexity="0" loc="28" ncloc="28" packages="2" files="2" classes="2"/>
    <package name="__fixtures__">
      <metrics statements="1" coveredstatements="1" conditionals="0" coveredconditionals="0" methods="0" coveredmethods="0"/>
      <file name="result.js" path="/home/trinevnikita/Рабочий стол/Создать папку/frontend-project-46/__fixtures__/result.js">
        <metrics statements="1" coveredstatements="1" conditionals="0" coveredconditionals="0" methods="0" coveredmethods="0"/>
        <line num="2" count="1" type="stmt"/>
      </file>
    </package>
    <package name="src">
      <metrics statements="27" coveredstatements="27" conditionals="8" coveredconditionals="7" methods="3" coveredmethods="3"/>
      <file name="index.js" path="/home/trinevnikita/Рабочий стол/Создать папку/frontend-project-46/src/index.js">
        <metrics statements="27" coveredstatements="27" conditionals="8" coveredconditionals="7" methods="3" coveredmethods="3"/>
        <line num="6" count="1" type="stmt"/>
        <line num="7" count="1" type="stmt"/>
        <line num="9" count="1" type="stmt"/>
        <line num="10" count="1" type="stmt"/>
        <line num="12" count="1" type="stmt"/>
        <line num="13" count="1" type="stmt"/>
        <line num="14" count="1" type="stmt"/>
        <line num="15" count="1" type="stmt"/>
        <line num="16" count="1" type="stmt"/>
        <line num="20" count="2" type="cond" truecount="1" falsecount="1"/>
        <line num="25" count="1" type="stmt"/>
        <line num="26" count="1" type="stmt"/>
        <line num="27" count="1" type="stmt"/>
        <line num="28" count="1" type="stmt"/>
        <line num="29" count="1" type="stmt"/>
        <line num="30" count="1" type="stmt"/>
        <line num="31" count="1" type="stmt"/>
        <line num="32" count="5" type="cond" truecount="2" falsecount="0"/>
        <line num="33" count="1" type="stmt"/>
        <line num="34" count="4" type="cond" truecount="2" falsecount="0"/>
        <line num="35" count="2" type="stmt"/>
        <line num="36" count="2" type="cond" truecount="2" falsecount="0"/>
        <line num="37" count="1" type="stmt"/>
        <line num="38" count="1" type="stmt"/>
        <line num="40" count="1" type="stmt"/>
        <line num="43" count="1" type="stmt"/>
        <line num="44" count="1" type="stmt"/>
      </file>
    </package>
  </project>
</coverage>
