{"/home/trinevnikita/Рабочий стол/Создать папку/frontend-project-46/__fixtures__/result.js": {"path":"/home/trinevnikita/Рабочий стол/Создать папку/frontend-project-46/__fixtures__/result.js","all":false,"statementMap":{"0":{"start":{"line":1,"column":0},"end":{"line":1,"column":17}},"1":{"start":{"line":2,"column":0},"end":{"line":2,"column":13}},"2":{"start":{"line":3,"column":0},"end":{"line":3,"column":21}},"3":{"start":{"line":4,"column":0},"end":{"line":4,"column":25}},"4":{"start":{"line":5,"column":0},"end":{"line":5,"column":21}},"5":{"start":{"line":6,"column":0},"end":{"line":6,"column":22}},"6":{"start":{"line":7,"column":0},"end":{"line":7,"column":22}},"7":{"start":{"line":8,"column":0},"end":{"line":8,"column":27}},"8":{"start":{"line":9,"column":0},"end":{"line":9,"column":19}},"9":{"start":{"line":10,"column":0},"end":{"line":10,"column":24}},"10":{"start":{"line":11,"column":0},"end":{"line":11,"column":9}},"11":{"start":{"line":12,"column":0},"end":{"line":12,"column":19}},"12":{"start":{"line":13,"column":0},"end":{"line":13,"column":19}},"13":{"start":{"line":14,"column":0},"end":{"line":14,"column":21}},"14":{"start":{"line":15,"column":0},"end":{"line":15,"column":28}},"15":{"start":{"line":16,"column":0},"end":{"line":16,"column":13}},"16":{"start":{"line":17,"column":0},"end":{"line":17,"column":22}},"17":{"start":{"line":18,"column":0},"end":{"line":18,"column":21}},"18":{"start":{"line":19,"column":0},"end":{"line":19,"column":9}},"19":{"start":{"line":20,"column":0},"end":{"line":20,"column":5}},"20":{"start":{"line":21,"column":0},"end":{"line":21,"column":13}},"21":{"start":{"line":22,"column":0},"end":{"line":22,"column":16}},"22":{"start":{"line":23,"column":0},"end":{"line":23,"column":17}},"23":{"start":{"line":24,"column":0},"end":{"line":24,"column":16}},"24":{"start":{"line":25,"column":0},"end":{"line":25,"column":15}},"25":{"start":{"line":26,"column":0},"end":{"line":26,"column":22}},"26":{"start":{"line":27,"column":0},"end":{"line":27,"column":9}},"27":{"start":{"line":28,"column":0},"end":{"line":28,"column":17}},"28":{"start":{"line":29,"column":0},"end":{"line":29,"column":5}},"29":{"start":{"line":30,"column":0},"end":{"line":30,"column":13}},"30":{"start":{"line":31,"column":0},"end":{"line":31,"column":18}},"31":{"start":{"line":32,"column":0},"end":{"line":32,"column":15}},"32":{"start":{"line":33,"column":0},"end":{"line":33,"column":18}},"33":{"start":{"line":34,"column":0},"end":{"line":34,"column":9}},"34":{"start":{"line":35,"column":0},"end":{"line":35,"column":5}},"35":{"start":{"line":36,"column":0},"end":{"line":36,"column":13}},"36":{"start":{"line":37,"column":0},"end":{"line":37,"column":15}},"37":{"start":{"line":38,"column":0},"end":{"line":38,"column":17}},"38":{"start":{"line":39,"column":0},"end":{"line":39,"column":26}},"39":{"start":{"line":40,"column":0},"end":{"line":40,"column":13}},"40":{"start":{"line":41,"column":0},"end":{"line":41,"column":9}},"41":{"start":{"line":42,"column":0},"end":{"line":42,"column":19}},"42":{"start":{"line":43,"column":0},"end":{"line":43,"column":5}},"43":{"start":{"line":44,"column":0},"end":{"line":44,"column":3}},"44":{"start":{"line":45,"column":0},"end":{"line":45,"column":0}},"45":{"start":{"line":46,"column":0},"end":{"line":46,"column":69}},"46":{"start":{"line":47,"column":0},"end":{"line":47,"column":38}},"47":{"start":{"line":48,"column":0},"end":{"line":48,"column":57}},"48":{"start":{"line":49,"column":0},"end":{"line":49,"column":60}},"49":{"start":{"line":50,"column":0},"end":{"line":50,"column":64}},"50":{"start":{"line":51,"column":0},"end":{"line":51,"column":69}},"51":{"start":{"line":52,"column":0},"end":{"line":52,"column":59}},"52":{"start":{"line":53,"column":0},"end":{"line":53,"column":55}},"53":{"start":{"line":54,"column":0},"end":{"line":54,"column":65}},"54":{"start":{"line":55,"column":0},"end":{"line":55,"column":29}},"55":{"start":{"line":56,"column":0},"end":{"line":56,"column":57}},"56":{"start":{"line":57,"column":0},"end":{"line":57,"column":0}},"57":{"start":{"line":58,"column":0},"end":{"line":58,"column":996}},"58":{"start":{"line":59,"column":0},"end":{"line":59,"column":0}},"59":{"start":{"line":60,"column":0},"end":{"line":60,"column":36}}},"s":{"0":1,"1":1,"2":1,"3":1,"4":1,"5":1,"6":1,"7":1,"8":1,"9":1,"10":1,"11":1,"12":1,"13":1,"14":1,"15":1,"16":1,"17":1,"18":1,"19":1,"20":1,"21":1,"22":1,"23":1,"24":1,"25":1,"26":1,"27":1,"28":1,"29":1,"30":1,"31":1,"32":1,"33":1,"34":1,"35":1,"36":1,"37":1,"38":1,"39":1,"40":1,"41":1,"42":1,"43":1,"44":1,"45":1,"46":1,"47":1,"48":1,"49":1,"50":1,"51":1,"52":1,"53":1,"54":1,"55":1,"56":1,"57":1,"58":1,"59":1},"branchMap":{},"b":{},"fnMap":{},"f":{}}
,"/home/trinevnikita/Рабочий стол/Создать папку/frontend-project-46/src/buildAst.js": {"path":"/home/trinevnikita/Рабочий стол/Создать папку/frontend-project-46/src/buildAst.js","all":false,"statementMap":{"0":{"start":{"line":1,"column":0},"end":{"line":1,"column":23}},"1":{"start":{"line":2,"column":0},"end":{"line":2,"column":0}},"2":{"start":{"line":3,"column":0},"end":{"line":3,"column":31}},"3":{"start":{"line":4,"column":0},"end":{"line":4,"column":34}},"4":{"start":{"line":5,"column":0},"end":{"line":5,"column":34}},"5":{"start":{"line":6,"column":0},"end":{"line":6,"column":37}},"6":{"start":{"line":7,"column":0},"end":{"line":7,"column":36}},"7":{"start":{"line":8,"column":0},"end":{"line":8,"column":0}},"8":{"start":{"line":9,"column":0},"end":{"line":9,"column":40}},"9":{"start":{"line":10,"column":0},"end":{"line":10,"column":28}},"10":{"start":{"line":11,"column":0},"end":{"line":11,"column":14}},"11":{"start":{"line":12,"column":0},"end":{"line":12,"column":22}},"12":{"start":{"line":13,"column":0},"end":{"line":13,"column":12}},"13":{"start":{"line":14,"column":0},"end":{"line":14,"column":25}},"14":{"start":{"line":15,"column":0},"end":{"line":15,"column":8}},"15":{"start":{"line":16,"column":0},"end":{"line":16,"column":5}},"16":{"start":{"line":17,"column":0},"end":{"line":17,"column":28}},"17":{"start":{"line":18,"column":0},"end":{"line":18,"column":14}},"18":{"start":{"line":19,"column":0},"end":{"line":19,"column":24}},"19":{"start":{"line":20,"column":0},"end":{"line":20,"column":12}},"20":{"start":{"line":21,"column":0},"end":{"line":21,"column":25}},"21":{"start":{"line":22,"column":0},"end":{"line":22,"column":8}},"22":{"start":{"line":23,"column":0},"end":{"line":23,"column":5}},"23":{"start":{"line":24,"column":0},"end":{"line":24,"column":67}},"24":{"start":{"line":25,"column":0},"end":{"line":25,"column":14}},"25":{"start":{"line":26,"column":0},"end":{"line":26,"column":23}},"26":{"start":{"line":27,"column":0},"end":{"line":27,"column":12}},"27":{"start":{"line":28,"column":0},"end":{"line":28,"column":49}},"28":{"start":{"line":29,"column":0},"end":{"line":29,"column":8}},"29":{"start":{"line":30,"column":0},"end":{"line":30,"column":36}},"30":{"start":{"line":31,"column":0},"end":{"line":31,"column":14}},"31":{"start":{"line":32,"column":0},"end":{"line":32,"column":26}},"32":{"start":{"line":33,"column":0},"end":{"line":33,"column":12}},"33":{"start":{"line":34,"column":0},"end":{"line":34,"column":25}},"34":{"start":{"line":35,"column":0},"end":{"line":35,"column":8}},"35":{"start":{"line":36,"column":0},"end":{"line":36,"column":14}},"36":{"start":{"line":37,"column":0},"end":{"line":37,"column":22}},"37":{"start":{"line":38,"column":0},"end":{"line":38,"column":10}},"38":{"start":{"line":39,"column":0},"end":{"line":39,"column":37}},"39":{"start":{"line":40,"column":0},"end":{"line":40,"column":6}},"40":{"start":{"line":41,"column":0},"end":{"line":41,"column":5}},"41":{"start":{"line":42,"column":0},"end":{"line":42,"column":0}},"42":{"start":{"line":43,"column":0},"end":{"line":43,"column":14}},"43":{"start":{"line":44,"column":0},"end":{"line":44,"column":1}},"44":{"start":{"line":45,"column":0},"end":{"line":45,"column":0}},"45":{"start":{"line":46,"column":0},"end":{"line":46,"column":67}},"46":{"start":{"line":47,"column":0},"end":{"line":47,"column":0}},"47":{"start":{"line":48,"column":0},"end":{"line":48,"column":33}}},"s":{"0":1,"1":1,"2":45,"3":45,"4":45,"5":45,"6":45,"7":45,"8":45,"9":162,"10":45,"11":45,"12":45,"13":45,"14":45,"15":45,"16":162,"17":18,"18":18,"19":18,"20":18,"21":18,"22":18,"23":162,"24":36,"25":36,"26":36,"27":36,"28":36,"29":162,"30":27,"31":27,"32":27,"33":27,"34":27,"35":162,"36":36,"37":36,"38":36,"39":36,"40":45,"41":45,"42":45,"43":45,"44":1,"45":1,"46":1,"47":1},"branchMap":{"0":{"type":"branch","line":3,"loc":{"start":{"line":3,"column":0},"end":{"line":44,"column":1}},"locations":[{"start":{"line":3,"column":0},"end":{"line":44,"column":1}}]},"1":{"type":"branch","line":9,"loc":{"start":{"line":9,"column":31},"end":{"line":41,"column":3}},"locations":[{"start":{"line":9,"column":31},"end":{"line":41,"column":3}}]},"2":{"type":"branch","line":10,"loc":{"start":{"line":10,"column":27},"end":{"line":16,"column":5}},"locations":[{"start":{"line":10,"column":27},"end":{"line":16,"column":5}}]},"3":{"type":"branch","line":16,"loc":{"start":{"line":16,"column":4},"end":{"line":17,"column":27}},"locations":[{"start":{"line":16,"column":4},"end":{"line":17,"column":27}}]},"4":{"type":"branch","line":17,"loc":{"start":{"line":17,"column":27},"end":{"line":23,"column":5}},"locations":[{"start":{"line":17,"column":27},"end":{"line":23,"column":5}}]},"5":{"type":"branch","line":23,"loc":{"start":{"line":23,"column":4},"end":{"line":24,"column":38}},"locations":[{"start":{"line":23,"column":4},"end":{"line":24,"column":38}}]},"6":{"type":"branch","line":24,"loc":{"start":{"line":24,"column":34},"end":{"line":24,"column":64}},"locations":[{"start":{"line":24,"column":34},"end":{"line":24,"column":64}}]},"7":{"type":"branch","line":24,"loc":{"start":{"line":24,"column":66},"end":{"line":30,"column":6}},"locations":[{"start":{"line":24,"column":66},"end":{"line":30,"column":6}}]},"8":{"type":"branch","line":30,"loc":{"start":{"line":30,"column":4},"end":{"line":30,"column":35}},"locations":[{"start":{"line":30,"column":4},"end":{"line":30,"column":35}}]},"9":{"type":"branch","line":30,"loc":{"start":{"line":30,"column":35},"end":{"line":36,"column":6}},"locations":[{"start":{"line":30,"column":35},"end":{"line":36,"column":6}}]},"10":{"type":"branch","line":36,"loc":{"start":{"line":36,"column":4},"end":{"line":41,"column":3}},"locations":[{"start":{"line":36,"column":4},"end":{"line":41,"column":3}}]},"11":{"type":"branch","line":46,"loc":{"start":{"line":46,"column":26},"end":{"line":46,"column":66}},"locations":[{"start":{"line":46,"column":26},"end":{"line":46,"column":66}}]}},"b":{"0":[45],"1":[162],"2":[45],"3":[117],"4":[18],"5":[99],"6":[45],"7":[36],"8":[63],"9":[27],"10":[36],"11":[9]},"fnMap":{"0":{"name":"builtAST","decl":{"start":{"line":3,"column":0},"end":{"line":44,"column":1}},"loc":{"start":{"line":3,"column":0},"end":{"line":44,"column":1}},"line":3},"1":{"name":"getDifferenceTree","decl":{"start":{"line":46,"column":26},"end":{"line":46,"column":66}},"loc":{"start":{"line":46,"column":26},"end":{"line":46,"column":66}},"line":46}},"f":{"0":45,"1":9}}
,"/home/trinevnikita/Рабочий стол/Создать папку/frontend-project-46/src/index.js": {"path":"/home/trinevnikita/Рабочий стол/Создать папку/frontend-project-46/src/index.js","all":false,"statementMap":{"0":{"start":{"line":1,"column":0},"end":{"line":1,"column":29}},"1":{"start":{"line":2,"column":0},"end":{"line":2,"column":33}},"2":{"start":{"line":3,"column":0},"end":{"line":3,"column":37}},"3":{"start":{"line":4,"column":0},"end":{"line":4,"column":46}},"4":{"start":{"line":5,"column":0},"end":{"line":5,"column":0}},"5":{"start":{"line":6,"column":0},"end":{"line":6,"column":64}},"6":{"start":{"line":7,"column":0},"end":{"line":7,"column":44}},"7":{"start":{"line":8,"column":0},"end":{"line":8,"column":37}},"8":{"start":{"line":9,"column":0},"end":{"line":9,"column":35}},"9":{"start":{"line":10,"column":0},"end":{"line":10,"column":4}},"10":{"start":{"line":11,"column":0},"end":{"line":11,"column":0}},"11":{"start":{"line":12,"column":0},"end":{"line":12,"column":70}},"12":{"start":{"line":13,"column":0},"end":{"line":13,"column":43}},"13":{"start":{"line":14,"column":0},"end":{"line":14,"column":65}},"14":{"start":{"line":15,"column":0},"end":{"line":15,"column":39}},"15":{"start":{"line":16,"column":0},"end":{"line":16,"column":39}},"16":{"start":{"line":17,"column":0},"end":{"line":17,"column":0}},"17":{"start":{"line":18,"column":0},"end":{"line":18,"column":30}},"18":{"start":{"line":19,"column":0},"end":{"line":19,"column":30}},"19":{"start":{"line":20,"column":0},"end":{"line":20,"column":0}},"20":{"start":{"line":21,"column":0},"end":{"line":21,"column":44}},"21":{"start":{"line":22,"column":0},"end":{"line":22,"column":13}},"22":{"start":{"line":23,"column":0},"end":{"line":23,"column":1}}},"s":{"0":1,"1":1,"2":1,"3":1,"4":1,"5":1,"6":9,"7":9,"8":9,"9":9,"10":9,"11":9,"12":0,"13":9,"14":9,"15":9,"16":9,"17":9,"18":9,"19":9,"20":9,"21":9,"22":9},"branchMap":{"0":{"type":"branch","line":6,"loc":{"start":{"line":6,"column":15},"end":{"line":23,"column":1}},"locations":[{"start":{"line":6,"column":15},"end":{"line":23,"column":1}}]},"1":{"type":"branch","line":7,"loc":{"start":{"line":7,"column":18},"end":{"line":10,"column":3}},"locations":[{"start":{"line":7,"column":18},"end":{"line":10,"column":3}}]},"2":{"type":"branch","line":12,"loc":{"start":{"line":12,"column":23},"end":{"line":14,"column":64}},"locations":[{"start":{"line":12,"column":23},"end":{"line":14,"column":64}}]},"3":{"type":"branch","line":13,"loc":{"start":{"line":13,"column":-1},"end":{"line":13,"column":43}},"locations":[{"start":{"line":13,"column":-1},"end":{"line":13,"column":43}}]}},"b":{"0":[9],"1":[9],"2":[18],"3":[0]},"fnMap":{"0":{"name":"showDiff","decl":{"start":{"line":6,"column":15},"end":{"line":23,"column":1}},"loc":{"start":{"line":6,"column":15},"end":{"line":23,"column":1}},"line":6},"1":{"name":"genDiff","decl":{"start":{"line":7,"column":18},"end":{"line":10,"column":3}},"loc":{"start":{"line":7,"column":18},"end":{"line":10,"column":3}},"line":7},"2":{"name":"resolvePath","decl":{"start":{"line":12,"column":23},"end":{"line":14,"column":64}},"loc":{"start":{"line":12,"column":23},"end":{"line":14,"column":64}},"line":12}},"f":{"0":9,"1":9,"2":18}}
,"/home/trinevnikita/Рабочий стол/Создать папку/frontend-project-46/src/parser.js": {"path":"/home/trinevnikita/Рабочий стол/Создать папку/frontend-project-46/src/parser.js","all":false,"statementMap":{"0":{"start":{"line":1,"column":0},"end":{"line":1,"column":29}},"1":{"start":{"line":2,"column":0},"end":{"line":2,"column":27}},"2":{"start":{"line":3,"column":0},"end":{"line":3,"column":39}},"3":{"start":{"line":4,"column":0},"end":{"line":4,"column":0}},"4":{"start":{"line":5,"column":0},"end":{"line":5,"column":55}},"5":{"start":{"line":6,"column":0},"end":{"line":6,"column":58}},"6":{"start":{"line":7,"column":0},"end":{"line":7,"column":30}},"7":{"start":{"line":8,"column":0},"end":{"line":8,"column":37}},"8":{"start":{"line":9,"column":0},"end":{"line":9,"column":33}},"9":{"start":{"line":10,"column":0},"end":{"line":10,"column":72}},"10":{"start":{"line":11,"column":0},"end":{"line":11,"column":50}},"11":{"start":{"line":12,"column":0},"end":{"line":12,"column":2}},"12":{"start":{"line":13,"column":0},"end":{"line":13,"column":0}},"13":{"start":{"line":14,"column":0},"end":{"line":14,"column":22}}},"s":{"0":1,"1":1,"2":1,"3":1,"4":1,"5":1,"6":1,"7":18,"8":18,"9":18,"10":18,"11":18,"12":1,"13":1},"branchMap":{"0":{"type":"branch","line":5,"loc":{"start":{"line":5,"column":19},"end":{"line":5,"column":54}},"locations":[{"start":{"line":5,"column":19},"end":{"line":5,"column":54}}]},"1":{"type":"branch","line":6,"loc":{"start":{"line":6,"column":21},"end":{"line":6,"column":57}},"locations":[{"start":{"line":6,"column":21},"end":{"line":6,"column":57}}]},"2":{"type":"branch","line":7,"loc":{"start":{"line":7,"column":16},"end":{"line":12,"column":2}},"locations":[{"start":{"line":7,"column":16},"end":{"line":12,"column":2}}]},"3":{"type":"branch","line":10,"loc":{"start":{"line":10,"column":27},"end":{"line":10,"column":72}},"locations":[{"start":{"line":10,"column":27},"end":{"line":10,"column":72}}]},"4":{"type":"branch","line":11,"loc":{"start":{"line":11,"column":-1},"end":{"line":11,"column":49}},"locations":[{"start":{"line":11,"column":-1},"end":{"line":11,"column":49}}]}},"b":{"0":[18],"1":[18],"2":[18],"3":[12],"4":[6]},"fnMap":{"0":{"name":"getFormat","decl":{"start":{"line":5,"column":19},"end":{"line":5,"column":54}},"loc":{"start":{"line":5,"column":19},"end":{"line":5,"column":54}},"line":5},"1":{"name":"getFileName","decl":{"start":{"line":6,"column":21},"end":{"line":6,"column":57}},"loc":{"start":{"line":6,"column":21},"end":{"line":6,"column":57}},"line":6},"2":{"name":"parser","decl":{"start":{"line":7,"column":16},"end":{"line":12,"column":2}},"loc":{"start":{"line":7,"column":16},"end":{"line":12,"column":2}},"line":7}},"f":{"0":18,"1":18,"2":18}}
,"/home/trinevnikita/Рабочий стол/Создать папку/frontend-project-46/src/formatters/index.js": {"path":"/home/trinevnikita/Рабочий стол/Создать папку/frontend-project-46/src/formatters/index.js","all":false,"statementMap":{"0":{"start":{"line":1,"column":0},"end":{"line":1,"column":35}},"1":{"start":{"line":2,"column":0},"end":{"line":2,"column":39}},"2":{"start":{"line":3,"column":0},"end":{"line":3,"column":0}},"3":{"start":{"line":4,"column":0},"end":{"line":4,"column":49}},"4":{"start":{"line":5,"column":0},"end":{"line":5,"column":19}},"5":{"start":{"line":6,"column":0},"end":{"line":6,"column":19}},"6":{"start":{"line":7,"column":0},"end":{"line":7,"column":31}},"7":{"start":{"line":8,"column":0},"end":{"line":8,"column":17}},"8":{"start":{"line":9,"column":0},"end":{"line":9,"column":29}},"9":{"start":{"line":10,"column":0},"end":{"line":10,"column":16}},"10":{"start":{"line":11,"column":0},"end":{"line":11,"column":34}},"11":{"start":{"line":12,"column":0},"end":{"line":12,"column":12}},"12":{"start":{"line":13,"column":0},"end":{"line":13,"column":54}},"13":{"start":{"line":14,"column":0},"end":{"line":14,"column":3}},"14":{"start":{"line":15,"column":0},"end":{"line":15,"column":1}}},"s":{"0":1,"1":1,"2":1,"3":1,"4":9,"5":9,"6":3,"7":9,"8":3,"9":9,"10":3,"11":9,"12":0,"13":9,"14":9},"branchMap":{"0":{"type":"branch","line":4,"loc":{"start":{"line":4,"column":15},"end":{"line":15,"column":1}},"locations":[{"start":{"line":4,"column":15},"end":{"line":15,"column":1}}]},"1":{"type":"branch","line":6,"loc":{"start":{"line":6,"column":4},"end":{"line":7,"column":31}},"locations":[{"start":{"line":6,"column":4},"end":{"line":7,"column":31}}]},"2":{"type":"branch","line":8,"loc":{"start":{"line":8,"column":4},"end":{"line":9,"column":29}},"locations":[{"start":{"line":8,"column":4},"end":{"line":9,"column":29}}]},"3":{"type":"branch","line":10,"loc":{"start":{"line":10,"column":4},"end":{"line":11,"column":34}},"locations":[{"start":{"line":10,"column":4},"end":{"line":11,"column":34}}]},"4":{"type":"branch","line":12,"loc":{"start":{"line":12,"column":4},"end":{"line":13,"column":54}},"locations":[{"start":{"line":12,"column":4},"end":{"line":13,"column":54}}]}},"b":{"0":[9],"1":[3],"2":[3],"3":[3],"4":[0]},"fnMap":{"0":{"name":"formatter","decl":{"start":{"line":4,"column":15},"end":{"line":15,"column":1}},"loc":{"start":{"line":4,"column":15},"end":{"line":15,"column":1}},"line":4}},"f":{"0":9}}
,"/home/trinevnikita/Рабочий стол/Создать папку/frontend-project-46/src/formatters/plain.js": {"path":"/home/trinevnikita/Рабочий стол/Создать папку/frontend-project-46/src/formatters/plain.js","all":false,"statementMap":{"0":{"start":{"line":1,"column":0},"end":{"line":1,"column":23}},"1":{"start":{"line":2,"column":0},"end":{"line":2,"column":0}},"2":{"start":{"line":3,"column":0},"end":{"line":3,"column":31}},"3":{"start":{"line":4,"column":0},"end":{"line":4,"column":20}},"4":{"start":{"line":5,"column":0},"end":{"line":5,"column":33}},"5":{"start":{"line":6,"column":0},"end":{"line":6,"column":3}},"6":{"start":{"line":7,"column":0},"end":{"line":7,"column":26}},"7":{"start":{"line":8,"column":0},"end":{"line":8,"column":2}},"8":{"start":{"line":9,"column":0},"end":{"line":9,"column":0}},"9":{"start":{"line":10,"column":0},"end":{"line":10,"column":29}},"10":{"start":{"line":11,"column":0},"end":{"line":11,"column":42}},"11":{"start":{"line":12,"column":0},"end":{"line":12,"column":29}},"12":{"start":{"line":13,"column":0},"end":{"line":13,"column":3}},"13":{"start":{"line":14,"column":0},"end":{"line":14,"column":25}},"14":{"start":{"line":15,"column":0},"end":{"line":15,"column":23}},"15":{"start":{"line":16,"column":0},"end":{"line":16,"column":24}},"16":{"start":{"line":17,"column":0},"end":{"line":17,"column":2}},"17":{"start":{"line":18,"column":0},"end":{"line":18,"column":0}},"18":{"start":{"line":19,"column":0},"end":{"line":19,"column":41}},"19":{"start":{"line":20,"column":0},"end":{"line":20,"column":95}},"20":{"start":{"line":21,"column":0},"end":{"line":21,"column":43}},"21":{"start":{"line":22,"column":0},"end":{"line":22,"column":24}},"22":{"start":{"line":23,"column":0},"end":{"line":23,"column":19}},"23":{"start":{"line":24,"column":0},"end":{"line":24,"column":91}},"24":{"start":{"line":25,"column":0},"end":{"line":25,"column":21}},"25":{"start":{"line":26,"column":0},"end":{"line":26,"column":56}},"26":{"start":{"line":27,"column":0},"end":{"line":27,"column":20}},"27":{"start":{"line":28,"column":0},"end":{"line":28,"column":64}},"28":{"start":{"line":29,"column":0},"end":{"line":29,"column":21}},"29":{"start":{"line":30,"column":0},"end":{"line":30,"column":123}},"30":{"start":{"line":31,"column":0},"end":{"line":31,"column":14}},"31":{"start":{"line":32,"column":0},"end":{"line":32,"column":64}},"32":{"start":{"line":33,"column":0},"end":{"line":33,"column":5}},"33":{"start":{"line":34,"column":0},"end":{"line":34,"column":5}},"34":{"start":{"line":35,"column":0},"end":{"line":35,"column":36}},"35":{"start":{"line":36,"column":0},"end":{"line":36,"column":27}},"36":{"start":{"line":37,"column":0},"end":{"line":37,"column":1}}},"s":{"0":1,"1":1,"2":1,"3":45,"4":33,"5":33,"6":12,"7":12,"8":1,"9":1,"10":39,"11":9,"12":9,"13":39,"14":21,"15":39,"16":9,"17":1,"18":1,"19":3,"20":45,"21":45,"22":45,"23":15,"24":45,"25":6,"26":45,"27":12,"28":45,"29":12,"30":45,"31":0,"32":45,"33":3,"34":3,"35":3,"36":3},"branchMap":{"0":{"type":"branch","line":3,"loc":{"start":{"line":3,"column":14},"end":{"line":8,"column":2}},"locations":[{"start":{"line":3,"column":14},"end":{"line":8,"column":2}}]},"1":{"type":"branch","line":4,"loc":{"start":{"line":4,"column":19},"end":{"line":6,"column":3}},"locations":[{"start":{"line":4,"column":19},"end":{"line":6,"column":3}}]},"2":{"type":"branch","line":6,"loc":{"start":{"line":6,"column":2},"end":{"line":8,"column":2}},"locations":[{"start":{"line":6,"column":2},"end":{"line":8,"column":2}}]},"3":{"type":"branch","line":10,"loc":{"start":{"line":10,"column":19},"end":{"line":17,"column":2}},"locations":[{"start":{"line":10,"column":19},"end":{"line":17,"column":2}}]},"4":{"type":"branch","line":11,"loc":{"start":{"line":11,"column":22},"end":{"line":11,"column":39}},"locations":[{"start":{"line":11,"column":22},"end":{"line":11,"column":39}}]},"5":{"type":"branch","line":11,"loc":{"start":{"line":11,"column":41},"end":{"line":13,"column":3}},"locations":[{"start":{"line":11,"column":41},"end":{"line":13,"column":3}}]},"6":{"type":"branch","line":13,"loc":{"start":{"line":13,"column":2},"end":{"line":14,"column":24}},"locations":[{"start":{"line":13,"column":2},"end":{"line":14,"column":24}}]},"7":{"type":"branch","line":14,"loc":{"start":{"line":14,"column":24},"end":{"line":16,"column":4}},"locations":[{"start":{"line":14,"column":24},"end":{"line":16,"column":4}}]},"8":{"type":"branch","line":16,"loc":{"start":{"line":16,"column":2},"end":{"line":17,"column":2}},"locations":[{"start":{"line":16,"column":2},"end":{"line":17,"column":2}}]},"9":{"type":"branch","line":19,"loc":{"start":{"line":19,"column":15},"end":{"line":37,"column":1}},"locations":[{"start":{"line":19,"column":15},"end":{"line":37,"column":1}}]},"10":{"type":"branch","line":20,"loc":{"start":{"line":20,"column":19},"end":{"line":34,"column":4}},"locations":[{"start":{"line":20,"column":19},"end":{"line":34,"column":4}}]},"11":{"type":"branch","line":20,"loc":{"start":{"line":20,"column":50},"end":{"line":20,"column":78}},"locations":[{"start":{"line":20,"column":50},"end":{"line":20,"column":78}}]},"12":{"type":"branch","line":20,"loc":{"start":{"line":20,"column":85},"end":{"line":34,"column":3}},"locations":[{"start":{"line":20,"column":85},"end":{"line":34,"column":3}}]},"13":{"type":"branch","line":23,"loc":{"start":{"line":23,"column":6},"end":{"line":24,"column":91}},"locations":[{"start":{"line":23,"column":6},"end":{"line":24,"column":91}}]},"14":{"type":"branch","line":25,"loc":{"start":{"line":25,"column":6},"end":{"line":26,"column":56}},"locations":[{"start":{"line":25,"column":6},"end":{"line":26,"column":56}}]},"15":{"type":"branch","line":27,"loc":{"start":{"line":27,"column":6},"end":{"line":28,"column":64}},"locations":[{"start":{"line":27,"column":6},"end":{"line":28,"column":64}}]},"16":{"type":"branch","line":29,"loc":{"start":{"line":29,"column":6},"end":{"line":30,"column":123}},"locations":[{"start":{"line":29,"column":6},"end":{"line":30,"column":123}}]},"17":{"type":"branch","line":31,"loc":{"start":{"line":31,"column":6},"end":{"line":32,"column":64}},"locations":[{"start":{"line":31,"column":6},"end":{"line":32,"column":64}}]}},"b":{"0":[45],"1":[33],"2":[12],"3":[39],"4":[9],"5":[9],"6":[30],"7":[21],"8":[9],"9":[3],"10":[15],"11":[54],"12":[45],"13":[15],"14":[6],"15":[12],"16":[12],"17":[0]},"fnMap":{"0":{"name":"root2","decl":{"start":{"line":3,"column":14},"end":{"line":8,"column":2}},"loc":{"start":{"line":3,"column":14},"end":{"line":8,"column":2}},"line":3},"1":{"name":"stringify","decl":{"start":{"line":10,"column":19},"end":{"line":17,"column":2}},"loc":{"start":{"line":10,"column":19},"end":{"line":17,"column":2}},"line":10},"2":{"name":"makePlain","decl":{"start":{"line":19,"column":15},"end":{"line":37,"column":1}},"loc":{"start":{"line":19,"column":15},"end":{"line":37,"column":1}},"line":19},"3":{"name":"getPlain","decl":{"start":{"line":20,"column":19},"end":{"line":34,"column":4}},"loc":{"start":{"line":20,"column":19},"end":{"line":34,"column":4}},"line":20}},"f":{"0":45,"1":39,"2":3,"3":15}}
,"/home/trinevnikita/Рабочий стол/Создать папку/frontend-project-46/src/formatters/stylish.js": {"path":"/home/trinevnikita/Рабочий стол/Создать папку/frontend-project-46/src/formatters/stylish.js","all":false,"statementMap":{"0":{"start":{"line":1,"column":0},"end":{"line":1,"column":23}},"1":{"start":{"line":2,"column":0},"end":{"line":2,"column":0}},"2":{"start":{"line":3,"column":0},"end":{"line":3,"column":21}},"3":{"start":{"line":4,"column":0},"end":{"line":4,"column":0}},"4":{"start":{"line":5,"column":0},"end":{"line":5,"column":36}},"5":{"start":{"line":6,"column":0},"end":{"line":6,"column":36}},"6":{"start":{"line":7,"column":0},"end":{"line":7,"column":36}},"7":{"start":{"line":8,"column":0},"end":{"line":8,"column":2}},"8":{"start":{"line":9,"column":0},"end":{"line":9,"column":0}},"9":{"start":{"line":10,"column":0},"end":{"line":10,"column":36}},"10":{"start":{"line":11,"column":0},"end":{"line":11,"column":31}},"11":{"start":{"line":12,"column":0},"end":{"line":12,"column":21}},"12":{"start":{"line":13,"column":0},"end":{"line":13,"column":3}},"13":{"start":{"line":14,"column":0},"end":{"line":14,"column":33}},"14":{"start":{"line":15,"column":0},"end":{"line":15,"column":101}},"15":{"start":{"line":16,"column":0},"end":{"line":16,"column":51}},"16":{"start":{"line":17,"column":0},"end":{"line":17,"column":2}},"17":{"start":{"line":18,"column":0},"end":{"line":18,"column":0}},"18":{"start":{"line":19,"column":0},"end":{"line":19,"column":43}},"19":{"start":{"line":20,"column":0},"end":{"line":20,"column":40}},"20":{"start":{"line":21,"column":0},"end":{"line":21,"column":28}},"21":{"start":{"line":22,"column":0},"end":{"line":22,"column":23}},"22":{"start":{"line":23,"column":0},"end":{"line":23,"column":21}},"23":{"start":{"line":24,"column":0},"end":{"line":24,"column":77}},"24":{"start":{"line":25,"column":0},"end":{"line":25,"column":23}},"25":{"start":{"line":26,"column":0},"end":{"line":26,"column":77}},"26":{"start":{"line":27,"column":0},"end":{"line":27,"column":25}},"27":{"start":{"line":28,"column":0},"end":{"line":28,"column":72}},"28":{"start":{"line":29,"column":0},"end":{"line":29,"column":24}},"29":{"start":{"line":30,"column":0},"end":{"line":30,"column":111}},"30":{"start":{"line":31,"column":0},"end":{"line":31,"column":9}},"31":{"start":{"line":32,"column":0},"end":{"line":32,"column":23}},"32":{"start":{"line":33,"column":0},"end":{"line":33,"column":144}},"33":{"start":{"line":34,"column":0},"end":{"line":34,"column":16}},"34":{"start":{"line":35,"column":0},"end":{"line":35,"column":45}},"35":{"start":{"line":36,"column":0},"end":{"line":36,"column":7}},"36":{"start":{"line":37,"column":0},"end":{"line":37,"column":7}},"37":{"start":{"line":38,"column":0},"end":{"line":38,"column":3}},"38":{"start":{"line":39,"column":0},"end":{"line":39,"column":34}},"39":{"start":{"line":40,"column":0},"end":{"line":40,"column":38}},"40":{"start":{"line":41,"column":0},"end":{"line":41,"column":1}}},"s":{"0":1,"1":1,"2":1,"3":1,"4":1,"5":126,"6":126,"7":126,"8":1,"9":1,"10":81,"11":60,"12":60,"13":21,"14":21,"15":21,"16":21,"17":1,"18":1,"19":3,"20":15,"21":54,"22":54,"23":15,"24":54,"25":6,"26":54,"27":9,"28":54,"29":12,"30":12,"31":54,"32":12,"33":54,"34":0,"35":54,"36":15,"37":15,"38":3,"39":3,"40":3},"branchMap":{"0":{"type":"branch","line":5,"loc":{"start":{"line":5,"column":13},"end":{"line":8,"column":2}},"locations":[{"start":{"line":5,"column":13},"end":{"line":8,"column":2}}]},"1":{"type":"branch","line":10,"loc":{"start":{"line":10,"column":18},"end":{"line":17,"column":2}},"locations":[{"start":{"line":10,"column":18},"end":{"line":17,"column":2}}]},"2":{"type":"branch","line":11,"loc":{"start":{"line":11,"column":30},"end":{"line":13,"column":3}},"locations":[{"start":{"line":11,"column":30},"end":{"line":13,"column":3}}]},"3":{"type":"branch","line":13,"loc":{"start":{"line":13,"column":2},"end":{"line":17,"column":2}},"locations":[{"start":{"line":13,"column":2},"end":{"line":17,"column":2}}]},"4":{"type":"branch","line":15,"loc":{"start":{"line":15,"column":26},"end":{"line":15,"column":99}},"locations":[{"start":{"line":15,"column":26},"end":{"line":15,"column":99}}]},"5":{"type":"branch","line":19,"loc":{"start":{"line":19,"column":15},"end":{"line":41,"column":1}},"locations":[{"start":{"line":19,"column":15},"end":{"line":41,"column":1}}]},"6":{"type":"branch","line":20,"loc":{"start":{"line":20,"column":2},"end":{"line":38,"column":3}},"locations":[{"start":{"line":20,"column":2},"end":{"line":38,"column":3}}]},"7":{"type":"branch","line":21,"loc":{"start":{"line":21,"column":21},"end":{"line":37,"column":5}},"locations":[{"start":{"line":21,"column":21},"end":{"line":37,"column":5}}]},"8":{"type":"branch","line":23,"loc":{"start":{"line":23,"column":8},"end":{"line":24,"column":77}},"locations":[{"start":{"line":23,"column":8},"end":{"line":24,"column":77}}]},"9":{"type":"branch","line":25,"loc":{"start":{"line":25,"column":8},"end":{"line":26,"column":77}},"locations":[{"start":{"line":25,"column":8},"end":{"line":26,"column":77}}]},"10":{"type":"branch","line":27,"loc":{"start":{"line":27,"column":8},"end":{"line":28,"column":72}},"locations":[{"start":{"line":27,"column":8},"end":{"line":28,"column":72}}]},"11":{"type":"branch","line":29,"loc":{"start":{"line":29,"column":8},"end":{"line":31,"column":9}},"locations":[{"start":{"line":29,"column":8},"end":{"line":31,"column":9}}]},"12":{"type":"branch","line":32,"loc":{"start":{"line":32,"column":8},"end":{"line":33,"column":144}},"locations":[{"start":{"line":32,"column":8},"end":{"line":33,"column":144}}]},"13":{"type":"branch","line":34,"loc":{"start":{"line":34,"column":8},"end":{"line":35,"column":45}},"locations":[{"start":{"line":34,"column":8},"end":{"line":35,"column":45}}]}},"b":{"0":[126],"1":[81],"2":[60],"3":[21],"4":[27],"5":[3],"6":[15],"7":[54],"8":[15],"9":[6],"10":[9],"11":[12],"12":[12],"13":[0]},"fnMap":{"0":{"name":"root","decl":{"start":{"line":5,"column":13},"end":{"line":8,"column":2}},"loc":{"start":{"line":5,"column":13},"end":{"line":8,"column":2}},"line":5},"1":{"name":"stringify","decl":{"start":{"line":10,"column":18},"end":{"line":17,"column":2}},"loc":{"start":{"line":10,"column":18},"end":{"line":17,"column":2}},"line":10},"2":{"name":"makeStylish","decl":{"start":{"line":19,"column":15},"end":{"line":41,"column":1}},"loc":{"start":{"line":19,"column":15},"end":{"line":41,"column":1}},"line":19},"3":{"name":"getStrings","decl":{"start":{"line":20,"column":2},"end":{"line":38,"column":3}},"loc":{"start":{"line":20,"column":2},"end":{"line":38,"column":3}},"line":20}},"f":{"0":126,"1":81,"2":3,"3":15}}
}
