TN:
SF:__fixtures__/result.js
FNF:0
FNH:0
DA:1,1
DA:2,1
DA:3,1
DA:4,1
DA:5,1
DA:6,1
DA:7,1
DA:8,1
DA:9,1
DA:10,1
DA:11,1
DA:12,1
DA:13,1
DA:14,1
DA:15,1
DA:16,1
DA:17,1
DA:18,1
DA:19,1
DA:20,1
DA:21,1
DA:22,1
DA:23,1
DA:24,1
DA:25,1
DA:26,1
DA:27,1
DA:28,1
DA:29,1
DA:30,1
DA:31,1
DA:32,1
DA:33,1
DA:34,1
DA:35,1
DA:36,1
DA:37,1
DA:38,1
DA:39,1
DA:40,1
DA:41,1
DA:42,1
DA:43,1
DA:44,1
DA:45,1
DA:46,1
DA:47,1
DA:48,1
DA:49,1
DA:50,1
LF:50
LH:50
BRF:0
BRH:0
end_of_record
TN:
SF:src/buildAst.js
FN:2,builtAST
FNF:1
FNH:1
FNDA:15,builtAST
DA:1,1
DA:2,1
DA:3,15
DA:4,15
DA:5,15
DA:6,15
DA:7,15
DA:8,15
DA:9,54
DA:10,15
DA:11,15
DA:12,15
DA:13,15
DA:14,15
DA:15,15
DA:16,54
DA:17,6
DA:18,6
DA:19,6
DA:20,6
DA:21,6
DA:22,6
DA:23,54
DA:24,12
DA:25,12
DA:26,12
DA:27,12
DA:28,12
DA:29,54
DA:30,9
DA:31,9
DA:32,9
DA:33,9
DA:34,9
DA:35,54
DA:36,12
DA:37,12
DA:38,12
DA:39,12
DA:40,15
DA:41,15
DA:42,15
DA:43,15
LF:43
LH:43
BRDA:2,0,0,15
BRDA:8,1,0,54
BRDA:9,2,0,15
BRDA:15,3,0,39
BRDA:16,4,0,6
BRDA:22,5,0,33
BRDA:23,6,0,15
BRDA:23,7,0,12
BRDA:29,8,0,21
BRDA:29,9,0,9
BRDA:35,10,0,12
BRF:11
BRH:11
end_of_record
TN:
SF:src/index.js
FN:7,showDiff
FN:20,resolvePath
FN:26,genDiff
FNF:3
FNH:3
FNDA:3,showDiff
FNDA:6,resolvePath
FNDA:3,genDiff
DA:1,1
DA:2,1
DA:3,1
DA:4,1
DA:5,1
DA:6,1
DA:7,1
DA:8,3
DA:9,3
DA:10,3
DA:11,3
DA:12,3
DA:13,3
DA:14,3
DA:15,3
DA:16,3
DA:17,3
DA:18,3
DA:19,1
DA:20,6
DA:21,6
DA:22,0
DA:23,6
DA:24,6
DA:25,1
DA:26,1
DA:27,3
DA:28,3
DA:29,3
LF:29
LH:28
BRDA:7,0,0,3
BRDA:20,1,0,6
BRDA:22,2,0,0
BRDA:26,3,0,3
BRF:4
BRH:3
end_of_record
TN:
SF:src/parser.js
FN:6,getFormat
FN:7,getFileName
FN:8,parser
FNF:3
FNH:3
FNDA:6,getFormat
FNDA:6,getFileName
FNDA:6,parser
DA:1,1
DA:2,1
DA:3,1
DA:4,1
DA:5,1
DA:6,1
DA:7,1
DA:8,1
DA:9,6
DA:10,6
DA:11,6
DA:12,6
DA:13,6
DA:14,1
DA:15,1
LF:15
LH:15
BRDA:6,0,0,6
BRDA:7,1,0,6
BRDA:8,2,0,6
BRDA:11,3,0,4
BRDA:12,4,0,2
BRF:5
BRH:5
end_of_record
TN:
SF:src/formatters/index.js
FN:3,formatter
FNF:1
FNH:1
FNDA:3,formatter
DA:1,1
DA:2,1
DA:3,1
DA:4,3
DA:5,3
DA:6,0
DA:7,3
DA:8,3
DA:9,3
DA:10,3
DA:11,3
LF:11
LH:10
BRDA:3,0,0,3
BRDA:5,1,0,0
BRF:2
BRH:1
end_of_record
TN:
SF:src/formatters/stylish.js
FN:3,makeStylish
FNF:1
FNH:0
FNDA:0,makeStylish
DA:1,1
DA:2,1
DA:3,1
DA:4,0
DA:5,0
DA:6,0
DA:7,0
DA:8,0
DA:9,0
DA:10,0
DA:11,0
DA:12,0
DA:13,0
DA:14,0
DA:15,0
DA:16,0
DA:17,0
DA:18,0
DA:19,0
DA:20,0
DA:21,0
DA:22,0
DA:23,0
DA:24,0
DA:25,0
DA:26,0
DA:27,0
DA:28,0
DA:29,0
DA:30,0
DA:31,0
DA:32,0
DA:33,0
DA:34,0
DA:35,0
DA:36,0
DA:37,0
DA:38,0
DA:39,0
DA:40,0
DA:41,0
DA:42,0
DA:43,0
DA:44,0
DA:45,0
DA:46,0
DA:47,0
LF:47
LH:3
BRF:0
BRH:0
end_of_record
