TN:
SF:__fixtures__/result.js
FNF:0
FNH:0
DA:2,1
LF:1
LH:1
BRF:0
BRH:0
end_of_record
TN:
SF:src/index.js
FN:5,showDiff
FN:19,resolvePath
FN:25,(anonymous_2)
FNF:3
FNH:3
FNDA:1,showDiff
FNDA:2,resolvePath
FNDA:1,(anonymous_2)
DA:6,1
DA:7,1
DA:9,1
DA:10,1
DA:12,1
DA:13,1
DA:14,1
DA:15,1
DA:16,1
DA:20,2
DA:25,1
DA:26,1
DA:27,1
DA:28,1
DA:29,1
DA:30,1
DA:31,1
DA:32,5
DA:33,1
DA:34,4
DA:35,2
DA:36,2
DA:37,1
DA:38,1
DA:40,1
DA:43,1
DA:44,1
LF:27
LH:27
BRDA:20,0,0,0
BRDA:20,0,1,2
BRDA:32,1,0,1
BRDA:32,1,1,4
BRDA:34,2,0,2
BRDA:34,2,1,2
BRDA:36,3,0,1
BRDA:36,3,1,1
BRF:8
BRH:7
end_of_record
